Subastas_cliente1/app/build/outputs/logs/manifest-merger-debug-report.txt
-- Merging decision tree log ---
manifest
ADDED from src\main\AndroidManifest.xml:2:1-136:12
	xmlns:android
		ADDED from src\main\AndroidManifest.xml:2:11-69
	package
		ADDED from src\main\AndroidManifest.xml:3:5-49
		INJECTED from src\main\AndroidManifest.xml
		INJECTED from src\main\AndroidManifest.xml
	android:versionName
		ADDED from src\main\AndroidManifest.xml:5:5-31
	android:versionCode
		ADDED from src\main\AndroidManifest.xml:4:5-29
		INJECTED from src\main\AndroidManifest.xml
		INJECTED from src\main\AndroidManifest.xml
	android:installLocation
		ADDED from src\main\AndroidManifest.xml:5:32-72
uses-sdk
ADDED from src\main\AndroidManifest.xml:7:5-9:41
MERGED from [com.android.support:appcompat-v7:19.1.0] AndroidManifest.xml:18:5-42
	android:targetSdkVersion
		ADDED from src\main\AndroidManifest.xml:9:9-38
		INJECTED from src\main\AndroidManifest.xml
		INJECTED from src\main\AndroidManifest.xml
	android:minSdkVersion
		ADDED from src\main\AndroidManifest.xml:8:9-34
		INJECTED from src\main\AndroidManifest.xml
		INJECTED from src\main\AndroidManifest.xml
uses-permission#Android.permission.READ_OWNER_DATA
ADDED from src\main\AndroidManifest.xml:12:6-91
	android:name
		ADDED from src\main\AndroidManifest.xml:12:23-72
uses-permission#android.permission.READ_PHONE_STATE
ADDED from src\main\AndroidManifest.xml:13:5-91
	android:name
		ADDED from src\main\AndroidManifest.xml:13:22-72
uses-permission#android.permission.ACCESS_COARSE_LOCATION
ADDED from src\main\AndroidManifest.xml:14:5-97
	android:name
		ADDED from src\main\AndroidManifest.xml:14:22-78
uses-permission#android.permission.INTERNET
ADDED from src\main\AndroidManifest.xml:16:5-67
	android:name
		ADDED from src\main\AndroidManifest.xml:16:22-64
uses-permission#android.permission.ACCESS_NETWORK_STATE
ADDED from src\main\AndroidManifest.xml:17:2-76
	android:name
		ADDED from src\main\AndroidManifest.xml:17:19-73
uses-permission#android.permission.RECEIVE_BOOT_COMPLETED
ADDED from src\main\AndroidManifest.xml:18:2-78
	android:name
		ADDED from src\main\AndroidManifest.xml:18:19-75
uses-permission#android.permission.VIBRATE
ADDED from src\main\AndroidManifest.xml:19:2-63
	android:name
		ADDED from src\main\AndroidManifest.xml:19:19-60
uses-permission#android.permission.WAKE_LOCK
ADDED from src\main\AndroidManifest.xml:20:2-65
	android:name
		ADDED from src\main\AndroidManifest.xml:20:19-62
uses-permission#android.permission.GET_ACCOUNTS
ADDED from src\main\AndroidManifest.xml:21:2-68
	android:name
		ADDED from src\main\AndroidManifest.xml:21:19-65
uses-permission#com.google.android.c2dm.permission.RECEIVE
ADDED from src\main\AndroidManifest.xml:22:2-79
	android:name
		ADDED from src\main\AndroidManifest.xml:22:19-76
permission#com.embeddedlapps.subastas_cliente.permission.C2D_MESSAGE
ADDED from src\main\AndroidManifest.xml:29:2-30:41
	android:protectionLevel
		ADDED from src\main\AndroidManifest.xml:30:3-38
	android:name
		ADDED from src\main\AndroidManifest.xml:29:14-86
uses-permission#com.embeddedlapps.subastas_cliente.permission.C2D_MESSAGE
ADDED from src\main\AndroidManifest.xml:31:2-94
	android:name
		ADDED from src\main\AndroidManifest.xml:31:19-91
application
ADDED from src\main\AndroidManifest.xml:34:5-132:19
MERGED from [com.android.support:appcompat-v7:19.1.0] AndroidManifest.xml:19:5-20
	android:label
		ADDED from src\main\AndroidManifest.xml:38:9-41
	android:allowBackup
		ADDED from src\main\AndroidManifest.xml:36:9-35
	android:icon
		ADDED from src\main\AndroidManifest.xml:37:9-38
	android:theme
		ADDED from src\main\AndroidManifest.xml:39:9-67
	android:name
		ADDED from src\main\AndroidManifest.xml:35:9-70
activity#com.embeddedlapps.subastas_cliente.MainActivity
ADDED from src\main\AndroidManifest.xml:40:9-50:20
	android:screenOrientation
		ADDED from src\main\AndroidManifest.xml:44:13-49
	android:label
		ADDED from src\main\AndroidManifest.xml:42:13-45
	android:configChanges
		ADDED from src\main\AndroidManifest.xml:43:13-48
	android:name
		ADDED from src\main\AndroidManifest.xml:41:13-75
intent-filter#android.intent.action.MAIN+android.intent.category.LAUNCHER
ADDED from src\main\AndroidManifest.xml:45:13-49:29
action#android.intent.action.MAIN
ADDED from src\main\AndroidManifest.xml:46:17-69
	android:name
		ADDED from src\main\AndroidManifest.xml:46:25-66
category#android.intent.category.LAUNCHER
ADDED from src\main\AndroidManifest.xml:48:17-77
	android:name
		ADDED from src\main\AndroidManifest.xml:48:27-74
activity#com.embeddedlapps.subastas_cliente.MisSubastas
ADDED from src\main\AndroidManifest.xml:52:10-63:20
	android:screenOrientation
		ADDED from src\main\AndroidManifest.xml:56:7-43
	android:label
		ADDED from src\main\AndroidManifest.xml:53:13-47
	android:configChanges
		ADDED from src\main\AndroidManifest.xml:55:13-48
	android:name
		ADDED from src\main\AndroidManifest.xml:54:13-40
intent-filter#android.intent.category.DEFAULT+com.embeddedLapps.MisSubastas
ADDED from src\main\AndroidManifest.xml:59:13-62:29
action#com.embeddedLapps.MisSubastas
ADDED from src\main\AndroidManifest.xml:60:17-72
	android:name
		ADDED from src\main\AndroidManifest.xml:60:25-69
category#android.intent.category.DEFAULT
ADDED from src\main\AndroidManifest.xml:61:17-76
	android:name
		ADDED from src\main\AndroidManifest.xml:61:27-73
activity#com.embeddedlapps.subastas_cliente.NuevoPedido
ADDED from src\main\AndroidManifest.xml:65:10-76:20
	android:screenOrientation
		ADDED from src\main\AndroidManifest.xml:69:7-43
	android:label
		ADDED from src\main\AndroidManifest.xml:66:13-44
	android:configChanges
		ADDED from src\main\AndroidManifest.xml:68:13-48
	android:name
		ADDED from src\main\AndroidManifest.xml:67:13-40
intent-filter#android.intent.category.DEFAULT+com.embeddedLapps.NuevoPedido
ADDED from src\main\AndroidManifest.xml:72:13-75:29
action#com.embeddedLapps.NuevoPedido
ADDED from src\main\AndroidManifest.xml:73:17-72
	android:name
		ADDED from src\main\AndroidManifest.xml:73:25-69
activity#com.embeddedlapps.subastas_cliente.finSubastas
ADDED from src\main\AndroidManifest.xml:78:11-88:20
	android:screenOrientation
		ADDED from src\main\AndroidManifest.xml:82:7-43
	android:label
		ADDED from src\main\AndroidManifest.xml:79:13-40
	android:configChanges
		ADDED from src\main\AndroidManifest.xml:81:13-48
	android:name
		ADDED from src\main\AndroidManifest.xml:80:13-40
intent-filter#android.intent.category.DEFAULT+com.embeddedLapps.finSubastas
ADDED from src\main\AndroidManifest.xml:84:13-87:29
action#com.embeddedLapps.finSubastas
ADDED from src\main\AndroidManifest.xml:85:17-72
	android:name
		ADDED from src\main\AndroidManifest.xml:85:25-69
activity#com.embeddedlapps.subastas_cliente.Comprar
ADDED from src\main\AndroidManifest.xml:90:12-100:20
	android:screenOrientation
		ADDED from src\main\AndroidManifest.xml:94:7-43
	android:label
		ADDED from src\main\AndroidManifest.xml:91:13-40
	android:configChanges
		ADDED from src\main\AndroidManifest.xml:93:13-48
	android:name
		ADDED from src\main\AndroidManifest.xml:92:13-36
intent-filter#android.intent.category.DEFAULT+com.embeddedLapps.Comprar
ADDED from src\main\AndroidManifest.xml:96:13-99:29
action#com.embeddedLapps.Comprar
ADDED from src\main\AndroidManifest.xml:97:17-68
	android:name
		ADDED from src\main\AndroidManifest.xml:97:25-65
service#com.parse.PushService
ADDED from src\main\AndroidManifest.xml:106:12-60
	android:name
		ADDED from src\main\AndroidManifest.xml:106:21-57
receiver#com.parse.ParseBroadcastReceiver
ADDED from src\main\AndroidManifest.xml:107:3-112:14
	android:name
		ADDED from src\main\AndroidManifest.xml:107:13-60
intent-filter#android.intent.action.BOOT_COMPLETED+android.intent.action.USER_PRESENT
ADDED from src\main\AndroidManifest.xml:108:4-111:20
action#android.intent.action.BOOT_COMPLETED
ADDED from src\main\AndroidManifest.xml:109:5-67
	android:name
		ADDED from src\main\AndroidManifest.xml:109:13-64
action#android.intent.action.USER_PRESENT
ADDED from src\main\AndroidManifest.xml:110:5-65
	android:name
		ADDED from src\main\AndroidManifest.xml:110:13-62
receiver#com.parse.GcmBroadcastReceiver
ADDED from src\main\AndroidManifest.xml:113:3-126:14
	android:permission
		ADDED from src\main\AndroidManifest.xml:114:4-64
	android:name
		ADDED from src\main\AndroidManifest.xml:113:13-58
intent-filter#com.embeddedlapps.subastas_cliente+com.google.android.c2dm.intent.RECEIVE+com.google.android.c2dm.intent.REGISTRATION
ADDED from src\main\AndroidManifest.xml:115:4-125:20
action#com.google.android.c2dm.intent.RECEIVE
ADDED from src\main\AndroidManifest.xml:116:5-69
	android:name
		ADDED from src\main\AndroidManifest.xml:116:13-66
action#com.google.android.c2dm.intent.REGISTRATION
ADDED from src\main\AndroidManifest.xml:117:5-74
	android:name
		ADDED from src\main\AndroidManifest.xml:117:13-71
category#com.embeddedlapps.subastas_cliente
ADDED from src\main\AndroidManifest.xml:124:5-67
	android:name
		ADDED from src\main\AndroidManifest.xml:124:15-64